This is pdfTeX, Version 3.141592653-2.6-1.40.26 (TeX Live 2024) (preloaded format=pdflatex 2024.4.19)  23 MAY 2024 10:58
entering extended mode
 restricted \write18 enabled.
 %&-line parsing enabled.
**paper
(./paper.tex
LaTeX2e <2023-11-01> patch level 1
L3 programming layer <2024-02-20>
(./IEEEtran.cls
Document Class: IEEEtran 2015/08/26 V1.8b by Michael Shell
-- See the "IEEEtran_HOWTO" manual for usage information.
-- http://www.michaelshell.org/tex/ieeetran/
\@IEEEtrantmpdimenA=\dimen140
\@IEEEtrantmpdimenB=\dimen141
\@IEEEtrantmpdimenC=\dimen142
\@IEEEtrantmpcountA=\count188
\@IEEEtrantmpcountB=\count189
\@IEEEtrantmpcountC=\count190
\@IEEEtrantmptoksA=\toks17
LaTeX Font Info:    Trying to load font information for OT1+ptm on input line 5
03.
(/usr/local/texlive/2024/texmf-dist/tex/latex/psnfss/ot1ptm.fd
File: ot1ptm.fd 2001/06/04 font definitions for OT1/ptm.
)
-- Using 8.5in x 11in (letter) paper.
-- Using PDF output.
\@IEEEnormalsizeunitybaselineskip=\dimen143
-- This is a 10 point document.
\CLASSINFOnormalsizebaselineskip=\dimen144
\CLASSINFOnormalsizeunitybaselineskip=\dimen145
\IEEEnormaljot=\dimen146
LaTeX Font Info:    Font shape `OT1/ptm/bx/n' in size <5> not available
(Font)              Font shape `OT1/ptm/b/n' tried instead on input line 1090.
LaTeX Font Info:    Font shape `OT1/ptm/bx/it' in size <5> not available
(Font)              Font shape `OT1/ptm/b/it' tried instead on input line 1090.

LaTeX Font Info:    Font shape `OT1/ptm/bx/n' in size <7> not available
(Font)              Font shape `OT1/ptm/b/n' tried instead on input line 1090.
LaTeX Font Info:    Font shape `OT1/ptm/bx/it' in size <7> not available
(Font)              Font shape `OT1/ptm/b/it' tried instead on input line 1090.

LaTeX Font Info:    Font shape `OT1/ptm/bx/n' in size <8> not available
(Font)              Font shape `OT1/ptm/b/n' tried instead on input line 1090.
LaTeX Font Info:    Font shape `OT1/ptm/bx/it' in size <8> not available
(Font)              Font shape `OT1/ptm/b/it' tried instead on input line 1090.

LaTeX Font Info:    Font shape `OT1/ptm/bx/n' in size <9> not available
(Font)              Font shape `OT1/ptm/b/n' tried instead on input line 1090.
LaTeX Font Info:    Font shape `OT1/ptm/bx/it' in size <9> not available
(Font)              Font shape `OT1/ptm/b/it' tried instead on input line 1090.

LaTeX Font Info:    Font shape `OT1/ptm/bx/n' in size <10> not available
(Font)              Font shape `OT1/ptm/b/n' tried instead on input line 1090.
LaTeX Font Info:    Font shape `OT1/ptm/bx/it' in size <10> not available
(Font)              Font shape `OT1/ptm/b/it' tried instead on input line 1090.

LaTeX Font Info:    Font shape `OT1/ptm/bx/n' in size <11> not available
(Font)              Font shape `OT1/ptm/b/n' tried instead on input line 1090.
LaTeX Font Info:    Font shape `OT1/ptm/bx/it' in size <11> not available
(Font)              Font shape `OT1/ptm/b/it' tried instead on input line 1090.

LaTeX Font Info:    Font shape `OT1/ptm/bx/n' in size <12> not available
(Font)              Font shape `OT1/ptm/b/n' tried instead on input line 1090.
LaTeX Font Info:    Font shape `OT1/ptm/bx/it' in size <12> not available
(Font)              Font shape `OT1/ptm/b/it' tried instead on input line 1090.

LaTeX Font Info:    Font shape `OT1/ptm/bx/n' in size <17> not available
(Font)              Font shape `OT1/ptm/b/n' tried instead on input line 1090.
LaTeX Font Info:    Font shape `OT1/ptm/bx/it' in size <17> not available
(Font)              Font shape `OT1/ptm/b/it' tried instead on input line 1090.

LaTeX Font Info:    Font shape `OT1/ptm/bx/n' in size <20> not available
(Font)              Font shape `OT1/ptm/b/n' tried instead on input line 1090.
LaTeX Font Info:    Font shape `OT1/ptm/bx/it' in size <20> not available
(Font)              Font shape `OT1/ptm/b/it' tried instead on input line 1090.

LaTeX Font Info:    Font shape `OT1/ptm/bx/n' in size <24> not available
(Font)              Font shape `OT1/ptm/b/n' tried instead on input line 1090.
LaTeX Font Info:    Font shape `OT1/ptm/bx/it' in size <24> not available
(Font)              Font shape `OT1/ptm/b/it' tried instead on input line 1090.

\IEEEquantizedlength=\dimen147
\IEEEquantizedlengthdiff=\dimen148
\IEEEquantizedtextheightdiff=\dimen149
\IEEEilabelindentA=\dimen150
\IEEEilabelindentB=\dimen151
\IEEEilabelindent=\dimen152
\IEEEelabelindent=\dimen153
\IEEEdlabelindent=\dimen154
\IEEElabelindent=\dimen155
\IEEEiednormlabelsep=\dimen156
\IEEEiedmathlabelsep=\dimen157
\IEEEiedtopsep=\skip48
\c@section=\count191
\c@subsection=\count192
\c@subsubsection=\count193
\c@paragraph=\count194
\c@IEEEsubequation=\count195
\abovecaptionskip=\skip49
\belowcaptionskip=\skip50
\c@figure=\count196
\c@table=\count197
\@IEEEeqnnumcols=\count198
\@IEEEeqncolcnt=\count199
\@IEEEsubeqnnumrollback=\count266
\@IEEEquantizeheightA=\dimen158
\@IEEEquantizeheightB=\dimen159
\@IEEEquantizeheightC=\dimen160
\@IEEEquantizeprevdepth=\dimen161
\@IEEEquantizemultiple=\count267
\@IEEEquantizeboxA=\box51
\@IEEEtmpitemindent=\dimen162
\IEEEPARstartletwidth=\dimen163
\c@IEEEbiography=\count268
\@IEEEtranrubishbin=\box52
)
** ATTENTION: Overriding command lockouts (line 2).
(/usr/local/texlive/2024/texmf-dist/tex/latex/cite/cite.sty
LaTeX Info: Redefining \cite on input line 302.
LaTeX Info: Redefining \nocite on input line 332.
Package: cite 2015/02/27  v 5.5
)
(/usr/local/texlive/2024/texmf-dist/tex/latex/amsmath/amsmath.sty
Package: amsmath 2023/05/13 v2.17o AMS math features
\@mathmargin=\skip51

For additional information on amsmath, use the `?' option.
(/usr/local/texlive/2024/texmf-dist/tex/latex/amsmath/amstext.sty
Package: amstext 2021/08/26 v2.01 AMS text

(/usr/local/texlive/2024/texmf-dist/tex/latex/amsmath/amsgen.sty
File: amsgen.sty 1999/11/30 v2.0 generic functions
\@emptytoks=\toks18
\ex@=\dimen164
))
(/usr/local/texlive/2024/texmf-dist/tex/latex/amsmath/amsbsy.sty
Package: amsbsy 1999/11/29 v1.2d Bold Symbols
\pmbraise@=\dimen165
)
(/usr/local/texlive/2024/texmf-dist/tex/latex/amsmath/amsopn.sty
Package: amsopn 2022/04/08 v2.04 operator names
)
\inf@bad=\count269
LaTeX Info: Redefining \frac on input line 234.
\uproot@=\count270
\leftroot@=\count271
LaTeX Info: Redefining \overline on input line 399.
LaTeX Info: Redefining \colon on input line 410.
\classnum@=\count272
\DOTSCASE@=\count273
LaTeX Info: Redefining \ldots on input line 496.
LaTeX Info: Redefining \dots on input line 499.
LaTeX Info: Redefining \cdots on input line 620.
\Mathstrutbox@=\box53
\strutbox@=\box54
LaTeX Info: Redefining \big on input line 722.
LaTeX Info: Redefining \Big on input line 723.
LaTeX Info: Redefining \bigg on input line 724.
LaTeX Info: Redefining \Bigg on input line 725.
\big@size=\dimen166
LaTeX Font Info:    Redeclaring font encoding OML on input line 743.
LaTeX Font Info:    Redeclaring font encoding OMS on input line 744.
\macc@depth=\count274
LaTeX Info: Redefining \bmod on input line 905.
LaTeX Info: Redefining \pmod on input line 910.
LaTeX Info: Redefining \smash on input line 940.
LaTeX Info: Redefining \relbar on input line 970.
LaTeX Info: Redefining \Relbar on input line 971.
\c@MaxMatrixCols=\count275
\dotsspace@=\muskip16
\c@parentequation=\count276
\dspbrk@lvl=\count277
\tag@help=\toks19
\row@=\count278
\column@=\count279
\maxfields@=\count280
\andhelp@=\toks20
\eqnshift@=\dimen167
\alignsep@=\dimen168
\tagshift@=\dimen169
\tagwidth@=\dimen170
\totwidth@=\dimen171
\lineht@=\dimen172
\@envbody=\toks21
\multlinegap=\skip52
\multlinetaggap=\skip53
\mathdisplay@stack=\toks22
LaTeX Info: Redefining \[ on input line 2953.
LaTeX Info: Redefining \] on input line 2954.
)
(/usr/local/texlive/2024/texmf-dist/tex/latex/amsfonts/amssymb.sty
Package: amssymb 2013/01/14 v3.01 AMS font symbols

(/usr/local/texlive/2024/texmf-dist/tex/latex/amsfonts/amsfonts.sty
Package: amsfonts 2013/01/14 v3.01 Basic AMSFonts support
\symAMSa=\mathgroup4
\symAMSb=\mathgroup5
LaTeX Font Info:    Redeclaring math symbol \hbar on input line 98.
LaTeX Font Info:    Overwriting math alphabet `\mathfrak' in version `bold'
(Font)                  U/euf/m/n --> U/euf/b/n on input line 106.
))
(/usr/local/texlive/2024/texmf-dist/tex/latex/algorithms/algorithmic.sty
Package: algorithmic 2009/08/24 v0.1 Document Style `algorithmic'

(/usr/local/texlive/2024/texmf-dist/tex/latex/base/ifthen.sty
Package: ifthen 2022/04/13 v1.1d Standard LaTeX ifthen package (DPC)
)
(/usr/local/texlive/2024/texmf-dist/tex/latex/graphics/keyval.sty
Package: keyval 2022/05/29 v1.15 key=value parser (DPC)
\KV@toks@=\toks23
)
\c@ALC@unique=\count281
\c@ALC@line=\count282
\c@ALC@rem=\count283
\c@ALC@depth=\count284
\ALC@tlm=\skip54
\algorithmicindent=\skip55
)
(/usr/local/texlive/2024/texmf-dist/tex/latex/graphics/graphicx.sty
Package: graphicx 2021/09/16 v1.2d Enhanced LaTeX Graphics (DPC,SPQR)

(/usr/local/texlive/2024/texmf-dist/tex/latex/graphics/graphics.sty
Package: graphics 2022/03/10 v1.4e Standard LaTeX Graphics (DPC,SPQR)

(/usr/local/texlive/2024/texmf-dist/tex/latex/graphics/trig.sty
Package: trig 2021/08/11 v1.11 sin cos tan (DPC)
)
(/usr/local/texlive/2024/texmf-dist/tex/latex/graphics-cfg/graphics.cfg
File: graphics.cfg 2016/06/04 v1.11 sample graphics configuration
)
Package graphics Info: Driver file: pdftex.def on input line 107.

(/usr/local/texlive/2024/texmf-dist/tex/latex/graphics-def/pdftex.def
File: pdftex.def 2022/09/22 v1.2b Graphics/color driver for pdftex
))
\Gin@req@height=\dimen173
\Gin@req@width=\dimen174
)
(/usr/local/texlive/2024/texmf-dist/tex/latex/base/textcomp.sty
Package: textcomp 2020/02/02 v2.0n Standard LaTeX package
)
(/usr/local/texlive/2024/texmf-dist/tex/latex/xcolor/xcolor.sty
Package: xcolor 2023/11/15 v3.01 LaTeX color extensions (UK)

(/usr/local/texlive/2024/texmf-dist/tex/latex/graphics-cfg/color.cfg
File: color.cfg 2016/01/02 v1.6 sample color configuration
)
Package xcolor Info: Driver file: pdftex.def on input line 274.

(/usr/local/texlive/2024/texmf-dist/tex/latex/graphics/mathcolor.ltx)
Package xcolor Info: Model `cmy' substituted by `cmy0' on input line 1350.
Package xcolor Info: Model `hsb' substituted by `rgb' on input line 1354.
Package xcolor Info: Model `RGB' extended on input line 1366.
Package xcolor Info: Model `HTML' substituted by `rgb' on input line 1368.
Package xcolor Info: Model `Hsb' substituted by `hsb' on input line 1369.
Package xcolor Info: Model `tHsb' substituted by `hsb' on input line 1370.
Package xcolor Info: Model `HSB' substituted by `hsb' on input line 1371.
Package xcolor Info: Model `Gray' substituted by `gray' on input line 1372.
Package xcolor Info: Model `wave' substituted by `hsb' on input line 1373.
)
(/usr/local/texlive/2024/texmf-dist/tex/latex/underscore/underscore.sty
Package: underscore 2006/09/13
LaTeX Info: Redefining \_ on input line 42.
)
(/usr/local/texlive/2024/texmf-dist/tex/latex/firstaid/underscore-ltx.sty
Package: underscore-ltx 2023/09/20 LaTeX firstaid to make underscore protected 

)
(/usr/local/texlive/2024/texmf-dist/tex/latex/algorithm2e/algorithm2e.sty
Package: algorithm2e 2017/07/18 v5.2 algorithms environments
\c@AlgoLine=\count285
\algocf@hangindent=\skip56

(/usr/local/texlive/2024/texmf-dist/tex/latex/ifoddpage/ifoddpage.sty
Package: ifoddpage 2022/10/18 v1.2 Conditionals for odd/even page detection
\c@checkoddpage=\count286
)
(/usr/local/texlive/2024/texmf-dist/tex/latex/tools/xspace.sty
Package: xspace 2014/10/28 v1.13 Space after command names (DPC,MH)
)
(/usr/local/texlive/2024/texmf-dist/tex/latex/relsize/relsize.sty
Package: relsize 2013/03/29 ver 4.1
)
\skiptotal=\skip57
\skiplinenumber=\skip58
\skiprule=\skip59
\skiphlne=\skip60
\skiptext=\skip61
\skiplength=\skip62
\algomargin=\skip63
\skipalgocfslide=\skip64
\algowidth=\dimen175
\inoutsize=\dimen176
\inoutindent=\dimen177
\interspacetitleruled=\dimen178
\interspacealgoruled=\dimen179
\interspacetitleboxruled=\dimen180
\algocf@ruledwidth=\skip65
\algocf@inoutbox=\box55
\algocf@inputbox=\box56
\AlCapSkip=\skip66
\AlCapHSkip=\skip67
\algoskipindent=\skip68
\algocf@nlbox=\box57
\algocf@hangingbox=\box58
\algocf@untilbox=\box59
\algocf@skipuntil=\skip69
\algocf@capbox=\box60
\algocf@lcaptionbox=\skip70
\algoheightruledefault=\skip71
\algoheightrule=\skip72
\algotitleheightruledefault=\skip73
\algotitleheightrule=\skip74
\c@algocfline=\count287
\c@algocfproc=\count288
\c@algocf=\count289
\algocf@algoframe=\box61
\algocf@algobox=\box62
)
(/usr/local/texlive/2024/texmf-dist/tex/latex/caption/caption.sty
Package: caption 2023/08/05 v3.6o Customizing captions (AR)

(/usr/local/texlive/2024/texmf-dist/tex/latex/caption/caption3.sty
Package: caption3 2023/07/31 v2.4d caption3 kernel (AR)
\caption@tempdima=\dimen181
\captionmargin=\dimen182
\caption@leftmargin=\dimen183
\caption@rightmargin=\dimen184
\caption@width=\dimen185
\caption@indent=\dimen186
\caption@parindent=\dimen187
\caption@hangindent=\dimen188
Package caption Info: Unknown document class (or package),
(caption)             standard defaults will be used.
Package caption Info: \@makecaption = \long macro:#1#2->\ifx \@captype \@IEEEta
blestring \footnotesize \bgroup \par \centering \@IEEEtabletopskipstrut {\norma
lfont \footnotesize #1}\\{\normalfont \footnotesize \scshape #2}\par \addvspace
 {0.5\baselineskip }\egroup \@IEEEtablecaptionsepspace \else \@IEEEfigurecaptio
nsepspace \setbox \@tempboxa \hbox {\normalfont \footnotesize {#1.}\nobreakspac
e \nobreakspace #2}\ifdim \wd \@tempboxa >\hsize \setbox \@tempboxa \hbox {\nor
malfont \footnotesize {#1.}\nobreakspace \nobreakspace }\parbox [t]{\hsize }{\n
ormalfont \footnotesize \noindent \unhbox \@tempboxa #2}\else \ifCLASSOPTIONcon
ference \hbox to\hsize {\normalfont \footnotesize \hfil \box \@tempboxa \hfil }
\else \hbox to\hsize {\normalfont \footnotesize \box \@tempboxa \hfil }\fi \fi 
\fi  on input line 1175.
)

Package caption Warning: Unknown document class (or package),
(caption)                standard defaults will be used.
See the caption package documentation for explanation.

\c@caption@flags=\count290
\c@continuedfloat=\count291
) (/usr/local/texlive/2024/texmf-dist/tex/latex/tools/tabularx.sty
Package: tabularx 2023/07/08 v2.11c `tabularx' package (DPC)

(/usr/local/texlive/2024/texmf-dist/tex/latex/tools/array.sty
Package: array 2023/10/16 v2.5g Tabular extension package (FMi)
\col@sep=\dimen189
\ar@mcellbox=\box63
\extrarowheight=\dimen190
\NC@list=\toks24
\extratabsurround=\skip75
\backup@length=\skip76
\ar@cellbox=\box64
)
\TX@col@width=\dimen191
\TX@old@table=\dimen192
\TX@old@col=\dimen193
\TX@target=\dimen194
\TX@delta=\dimen195
\TX@cols=\count292
\TX@ftn=\toks25
)
(/usr/local/texlive/2024/texmf-dist/tex/latex/subfigure/subfigure.sty
Package: subfigure 2002/03/15 v2.1.5 subfigure package
\subfigtopskip=\skip77
\subfigcapskip=\skip78
\subfigcaptopadj=\dimen196
\subfigbottomskip=\skip79
\subfigcapmargin=\dimen197
\subfiglabelskip=\skip80
\c@subfigure=\count293
\c@lofdepth=\count294
\c@subtable=\count295
\c@lotdepth=\count296

****************************************
* Local config file subfigure.cfg used *
****************************************
(/usr/local/texlive/2024/texmf-dist/tex/latex/subfigure/subfigure.cfg)
\subfig@top=\skip81
\subfig@bottom=\skip82
)
(/usr/local/texlive/2024/texmf-dist/tex/latex/float/float.sty
Package: float 2001/11/08 v1.3d Float enhancements (AL)
\c@float@type=\count297
\float@exts=\toks26
\float@box=\box65
\@float@everytoks=\toks27
\@floatcapt=\box66
)
(/usr/local/texlive/2024/texmf-dist/tex/latex/url/url.sty
\Urlmuskip=\muskip17
Package: url 2013/09/16  ver 3.4  Verb mode for urls, etc.
)
(/usr/local/texlive/2024/texmf-dist/tex/latex/psnfss/pifont.sty
Package: pifont 2020/03/25 PSNFSS-v9.3 Pi font support (SPQR) 
LaTeX Font Info:    Trying to load font information for U+pzd on input line 63.


(/usr/local/texlive/2024/texmf-dist/tex/latex/psnfss/upzd.fd
File: upzd.fd 2001/06/04 font definitions for U/pzd.
)
LaTeX Font Info:    Trying to load font information for U+psy on input line 64.


(/usr/local/texlive/2024/texmf-dist/tex/latex/psnfss/upsy.fd
File: upsy.fd 2001/06/04 font definitions for U/psy.
))
(/usr/local/texlive/2024/texmf-dist/tex/latex/l3backend/l3backend-pdftex.def
File: l3backend-pdftex.def 2024-02-20 L3 backend support: PDF output (pdfTeX)
\l__color_backend_stack_int=\count298
\l__pdf_internal_box=\box67
)
(./paper.aux

LaTeX Warning: Label `1' multiply defined.

)
\openout1 = `paper.aux'.

LaTeX Font Info:    Checking defaults for OML/cmm/m/it on input line 22.
LaTeX Font Info:    ... okay on input line 22.
LaTeX Font Info:    Checking defaults for OMS/cmsy/m/n on input line 22.
LaTeX Font Info:    ... okay on input line 22.
LaTeX Font Info:    Checking defaults for OT1/cmr/m/n on input line 22.
LaTeX Font Info:    ... okay on input line 22.
LaTeX Font Info:    Checking defaults for T1/cmr/m/n on input line 22.
LaTeX Font Info:    ... okay on input line 22.
LaTeX Font Info:    Checking defaults for TS1/cmr/m/n on input line 22.
LaTeX Font Info:    ... okay on input line 22.
LaTeX Font Info:    Checking defaults for OMX/cmex/m/n on input line 22.
LaTeX Font Info:    ... okay on input line 22.
LaTeX Font Info:    Checking defaults for U/cmr/m/n on input line 22.
LaTeX Font Info:    ... okay on input line 22.

-- Lines per column: 56 (exact).
(/usr/local/texlive/2024/texmf-dist/tex/context/base/mkii/supp-pdf.mkii
[Loading MPS to PDF converter (version 2006.09.02).]
\scratchcounter=\count299
\scratchdimen=\dimen198
\scratchbox=\box68
\nofMPsegments=\count300
\nofMParguments=\count301
\everyMPshowfont=\toks28
\MPscratchCnt=\count302
\MPscratchDim=\dimen199
\MPnumerator=\count303
\makeMPintoPDFobject=\count304
\everyMPtoPDFconversion=\toks29
) (/usr/local/texlive/2024/texmf-dist/tex/latex/epstopdf-pkg/epstopdf-base.sty
Package: epstopdf-base 2020-01-24 v2.11 Base part for package epstopdf
Package epstopdf-base Info: Redefining graphics rule for `.eps' on input line 4
85.

(/usr/local/texlive/2024/texmf-dist/tex/latex/latexconfig/epstopdf-sys.cfg
File: epstopdf-sys.cfg 2010/07/13 v1.3 Configuration of (r)epstopdf for TeX Liv
e
))
Package caption Info: Begin \AtBeginDocument code.
Package caption Info: float package is loaded.
Package caption Info: subfigure package is loaded.
Package caption Info: End \AtBeginDocument code.

(./abstract.tex) (./introduction.tex [1{/usr/local/texlive/2024/texmf-var/fonts
/map/pdftex/updmap/pdftex.map}{/usr/local/texlive/2024/texmf-dist/fonts/enc/dvi
ps/base/8r.enc}


]
LaTeX Font Info:    Trying to load font information for U+msa on input line 19.

 (/usr/local/texlive/2024/texmf-dist/tex/latex/amsfonts/umsa.fd
File: umsa.fd 2013/01/14 v3.01 AMS symbols A
)
LaTeX Font Info:    Trying to load font information for U+msb on input line 19.

 (/usr/local/texlive/2024/texmf-dist/tex/latex/amsfonts/umsb.fd
File: umsb.fd 2013/01/14 v3.01 AMS symbols B
)
LaTeX Font Info:    Trying to load font information for TS1+ptm on input line 2
4.

(/usr/local/texlive/2024/texmf-dist/tex/latex/psnfss/ts1ptm.fd
File: ts1ptm.fd 2001/06/04 font definitions for TS1/ptm.
))
(./background.tex
<experiment/0pccviolation.pdf, id=10, 396.48125pt x 282.05376pt>
File: experiment/0pccviolation.pdf Graphic file (type pdf)
<use experiment/0pccviolation.pdf>
Package pdftex.def Info: experiment/0pccviolation.pdf  used on input line 6.
(pdftex.def)             Requested size: 170.28094pt x 121.13872pt.
<experiment/1balancescheme.pdf, id=11, 376.40625pt x 273.02pt>
File: experiment/1balancescheme.pdf Graphic file (type pdf)
<use experiment/1balancescheme.pdf>
Package pdftex.def Info: experiment/1balancescheme.pdf  used on input line 13.
(pdftex.def)             Requested size: 166.36533pt x 120.67491pt.
<experiment/2brokenimbalance.pdf, id=12, 385.44pt x 278.03876pt>
File: experiment/2brokenimbalance.pdf Graphic file (type pdf)
<use experiment/2brokenimbalance.pdf>
Package pdftex.def Info: experiment/2brokenimbalance.pdf  used on input line 19
.
(pdftex.def)             Requested size: 168.2387pt x 121.3574pt.
 [2]
Underfull \hbox (badness 1895) in paragraph at lines 46--47
[]\OT1/ptm/b/n/10 Hash-based L4 LB can-not spread in-com-ing traf-
 []


Underfull \hbox (badness 2582) in paragraph at lines 50--51
[]\OT1/ptm/m/n/10 In brief, these ex-per-i-ments demon-strate that ex-ist-ing
 []


Underfull \vbox (badness 5771) has occurred while \output is active []

 [3 <./experiment/0pccviolation.pdf> <./experiment/1balancescheme.pdf> <./exper
iment/2brokenimbalance.pdf>]

pdfTeX warning: pdflatex (file ./figure/othello.pdf): PDF inclusion: found PDF 
version <1.7>, but at most version <1.5> allowed
<figure/othello.pdf, id=141, 611.58989pt x 229.97318pt>
File: figure/othello.pdf Graphic file (type pdf)
<use figure/othello.pdf>
Package pdftex.def Info: figure/othello.pdf  used on input line 71.
(pdftex.def)             Requested size: 252.0pt x 94.75981pt.
) (./design.tex
Overfull \hbox (0.822pt too wide) in paragraph at lines 8--17
 [][] 
 []



pdfTeX warning: pdflatex (file ./figure/framework.pdf): PDF inclusion: found PD
F version <1.7>, but at most version <1.5> allowed
<figure/framework.pdf, id=142, 952.47427pt x 462.22687pt>
File: figure/framework.pdf Graphic file (type pdf)
<use figure/framework.pdf>
Package pdftex.def Info: figure/framework.pdf  used on input line 27.
(pdftex.def)             Requested size: 252.0pt x 122.29205pt.
[4 <./figure/othello.pdf> <./figure/framework.pdf>]

pdfTeX warning: pdflatex (file ./figure/flag.pdf): PDF inclusion: found PDF ver
sion <1.7>, but at most version <1.5> allowed
<figure/flag.pdf, id=185, 528.85783pt x 188.705pt>
File: figure/flag.pdf Graphic file (type pdf)
<use figure/flag.pdf>
Package pdftex.def Info: figure/flag.pdf  used on input line 58.
(pdftex.def)             Requested size: 252.0pt x 89.91798pt.
[5 <./figure/flag.pdf>]
LaTeX Font Info:    Trying to load font information for OT1+pcr on input line 8
7.

(/usr/local/texlive/2024/texmf-dist/tex/latex/psnfss/ot1pcr.fd
File: ot1pcr.fd 2001/06/04 font definitions for OT1/pcr.
) [6]

pdfTeX warning: pdflatex (file ./figure/keeppcc1.pdf): PDF inclusion: found PDF
 version <1.7>, but at most version <1.5> allowed
<figure/keeppcc1.pdf, id=207, 832.71269pt x 297.11pt>
File: figure/keeppcc1.pdf Graphic file (type pdf)
<use figure/keeppcc1.pdf>
Package pdftex.def Info: figure/keeppcc1.pdf  used on input line 142.
(pdftex.def)             Requested size: 252.0pt x 89.91345pt.

Overfull \hbox (3.50006pt too wide) in paragraph at lines 142--142
 [][] 
 []



pdfTeX warning: pdflatex (file ./figure/keeppcc2.pdf): PDF inclusion: found PDF
 version <1.7>, but at most version <1.5> allowed
<figure/keeppcc2.pdf, id=208, 832.71269pt x 297.11pt>
File: figure/keeppcc2.pdf Graphic file (type pdf)
<use figure/keeppcc2.pdf>
Package pdftex.def Info: figure/keeppcc2.pdf  used on input line 145.
(pdftex.def)             Requested size: 252.0pt x 89.91345pt.


pdfTeX warning: pdflatex (file ./figure/keeppcc3.pdf): PDF inclusion: found PDF
 version <1.7>, but at most version <1.5> allowed
<figure/keeppcc3.pdf, id=209, 832.71269pt x 288.57813pt>
File: figure/keeppcc3.pdf Graphic file (type pdf)
<use figure/keeppcc3.pdf>
Package pdftex.def Info: figure/keeppcc3.pdf  used on input line 148.
(pdftex.def)             Requested size: 252.0pt x 87.33147pt.

Overfull \hbox (3.50006pt too wide) in paragraph at lines 145--149
 [][] 
 []


Overfull \hbox (3.50006pt too wide) in paragraph at lines 145--149
 [] 
 []

) (./evaluation.tex
<experiment/3maatvarianceschemewb.pdf, id=210, 308.15125pt x 161.60374pt>
File: experiment/3maatvarianceschemewb.pdf Graphic file (type pdf)
<use experiment/3maatvarianceschemewb.pdf>
Package pdftex.def Info: experiment/3maatvarianceschemewb.pdf  used on input li
ne 11.
(pdftex.def)             Requested size: 237.36346pt x 124.48212pt.
<experiment/3maatvarianceschemedm.pdf, id=211, 308.15125pt x 161.60374pt>
File: experiment/3maatvarianceschemedm.pdf Graphic file (type pdf)
<use experiment/3maatvarianceschemedm.pdf>
Package pdftex.def Info: experiment/3maatvarianceschemedm.pdf  used on input li
ne 17.
(pdftex.def)             Requested size: 237.36346pt x 124.48212pt.
<experiment/4maatvariancegranwb.pdf, id=212, 308.15125pt x 148.555pt>
File: experiment/4maatvariancegranwb.pdf Graphic file (type pdf)
<use experiment/4maatvariancegranwb.pdf>
Package pdftex.def Info: experiment/4maatvariancegranwb.pdf  used on input line
 32.
(pdftex.def)             Requested size: 237.36346pt x 114.43076pt.
<experiment/4maatvariancegrandm.pdf, id=213, 308.15125pt x 148.555pt>
File: experiment/4maatvariancegrandm.pdf Graphic file (type pdf)
<use experiment/4maatvariancegrandm.pdf>
Package pdftex.def Info: experiment/4maatvariancegrandm.pdf  used on input line
 38.
(pdftex.def)             Requested size: 237.36346pt x 114.43076pt.
 [7 <./figure/keeppcc1.pdf> <./figure/keeppcc2.pdf> <./figure/keeppcc3.pdf>]
<experiment/5maatbrokenconn131072wb.pdf, id=280, 421.575pt x 297.11pt>
File: experiment/5maatbrokenconn131072wb.pdf Graphic file (type pdf)
<use experiment/5maatbrokenconn131072wb.pdf>
Package pdftex.def Info: experiment/5maatbrokenconn131072wb.pdf  used on input 
line 75.
(pdftex.def)             Requested size: 115.92169pt x 81.69417pt.
<experiment/5maatbrokenconn131072dm.pdf, id=281, 403.5075pt x 297.11pt>
File: experiment/5maatbrokenconn131072dm.pdf Graphic file (type pdf)
<use experiment/5maatbrokenconn131072dm.pdf>
Package pdftex.def Info: experiment/5maatbrokenconn131072dm.pdf  used on input 
line 81.
(pdftex.def)             Requested size: 113.60275pt x 83.64812pt.

Underfull \vbox (badness 10000) has occurred while \output is active []

 [8 <./experiment/3maatvarianceschemewb.pdf> <./experiment/3maatvarianceschemed
m.pdf> <./experiment/4maatvariancegranwb.pdf> <./experiment/4maatvariancegrandm
.pdf>]
<experiment/6maatmemory.pdf, id=468, 403.5075pt x 370.38374pt>
File: experiment/6maatmemory.pdf Graphic file (type pdf)
<use experiment/6maatmemory.pdf>
Package pdftex.def Info: experiment/6maatmemory.pdf  used on input line 93.
(pdftex.def)             Requested size: 123.48138pt x 113.3427pt.
<experiment/7maatprocess.pdf, id=469, 403.5075pt x 370.38374pt>
File: experiment/7maatprocess.pdf Graphic file (type pdf)
<use experiment/7maatprocess.pdf>
Package pdftex.def Info: experiment/7maatprocess.pdf  used on input line 100.
(pdftex.def)             Requested size: 123.48138pt x 113.3427pt.
<experiment/8boxplotfct.pdf, id=470, 410.53375pt x 299.1175pt>
File: experiment/8boxplotfct.pdf Graphic file (type pdf)
<use experiment/8boxplotfct.pdf>
Package pdftex.def Info: experiment/8boxplotfct.pdf  used on input line 137.
(pdftex.def)             Requested size: 126.41748pt x 92.10474pt.
<experiment/9var.pdf, id=471, 416.55624pt x 276.03125pt>
File: experiment/9var.pdf Graphic file (type pdf)
<use experiment/9var.pdf>
Package pdftex.def Info: experiment/9var.pdf  used on input line 144.
(pdftex.def)             Requested size: 126.41748pt x 83.77031pt.
<experiment/10broken.pdf, id=472, 412.54124pt x 288.07625pt>
File: experiment/10broken.pdf Graphic file (type pdf)
<use experiment/10broken.pdf>
Package pdftex.def Info: experiment/10broken.pdf  used on input line 150.
(pdftex.def)             Requested size: 126.41748pt x 88.27411pt.
<experiment/11tofinofct.pdf, id=473, 416.55624pt x 270.00874pt>
File: experiment/11tofinofct.pdf Graphic file (type pdf)
<use experiment/11tofinofct.pdf>
Package pdftex.def Info: experiment/11tofinofct.pdf  used on input line 157.
(pdftex.def)             Requested size: 126.41748pt x 81.9426pt.


LaTeX Warning: `h' float specifier changed to `ht'.

[9 <./experiment/5maatbrokenconn131072wb.pdf> <./experiment/5maatbrokenconn1310
72dm.pdf> <./experiment/6maatmemory.pdf> <./experiment/7maatprocess.pdf>])
(./conclusion.tex) (./paper.bbl [10 <./experiment/8boxplotfct.pdf> <./experimen
t/9var.pdf> <./experiment/10broken.pdf> <./experiment/11tofinofct.pdf>]
Underfull \hbox (badness 10000) in paragraph at lines 226--227
[]\OT1/ptm/m/n/8 Concury. $https : / / www . dropbox . com / s / ruou2l340uu1f4
u / concury %
 []

)

** Conference Paper **
Before submitting the final camera ready copy, remember to:

 1. Manually equalize the lengths of two columns on the last page
 of your paper;

 2. Ensure that any PostScript and/or PDF output post-processing
 uses only Type 1 fonts and that every step in the generation
 process uses the appropriate paper size.

[11] (./paper.aux)
 ***********
LaTeX2e <2023-11-01> patch level 1
L3 programming layer <2024-02-20>
 ***********


LaTeX Warning: There were multiply-defined labels.

 )
(\end occurred inside a group at level 1)

### simple group (level 1) entered at line 52 ({)
### bottom level 
Here is how much of TeX's memory you used:
 7420 strings out of 474116
 125826 string characters out of 5743682
 1953187 words of memory out of 5000000
 29655 multiletter control sequences out of 15000+600000
 602547 words of font info for 118 fonts, out of 8000000 for 9000
 1141 hyphenation exceptions out of 8191
 57i,20n,65p,1784b,523s stack positions out of 10000i,1000n,20000p,200000b,200000s
</usr/local/texlive/2024/texmf-dist/fonts/type1/public/amsfonts
/cm/cmmi10.pfb></usr/local/texlive/2024/texmf-dist/fonts/type1/public/amsfonts/
cm/cmmi6.pfb></usr/local/texlive/2024/texmf-dist/fonts/type1/public/amsfonts/cm
/cmmi7.pfb></usr/local/texlive/2024/texmf-dist/fonts/type1/public/amsfonts/cm/c
mmi8.pfb></usr/local/texlive/2024/texmf-dist/fonts/type1/public/amsfonts/cm/cmr
10.pfb></usr/local/texlive/2024/texmf-dist/fonts/type1/public/amsfonts/cm/cmr6.
pfb></usr/local/texlive/2024/texmf-dist/fonts/type1/public/amsfonts/cm/cmr7.pfb
></usr/local/texlive/2024/texmf-dist/fonts/type1/public/amsfonts/cm/cmr8.pfb></
usr/local/texlive/2024/texmf-dist/fonts/type1/public/amsfonts/cm/cmsy10.pfb></u
sr/local/texlive/2024/texmf-dist/fonts/type1/public/amsfonts/cm/cmsy7.pfb></usr
/local/texlive/2024/texmf-dist/fonts/type1/public/amsfonts/cm/cmsy8.pfb></usr/l
ocal/texlive/2024/texmf-dist/fonts/type1/urw/courier/ucrr8a.pfb></usr/local/tex
live/2024/texmf-dist/fonts/type1/urw/times/utmb8a.pfb></usr/local/texlive/2024/
texmf-dist/fonts/type1/urw/times/utmbi8a.pfb></usr/local/texlive/2024/texmf-dis
t/fonts/type1/urw/times/utmr8a.pfb></usr/local/texlive/2024/texmf-dist/fonts/ty
pe1/urw/times/utmri8a.pfb></usr/local/texlive/2024/texmf-dist/fonts/type1/urw/z
apfding/uzdr.pfb>
Output written on paper.pdf (11 pages, 6949425 bytes).
PDF statistics:
 927 PDF objects out of 1000 (max. 8388607)
 247 compressed objects within 3 object streams
 0 named destinations out of 1000 (max. 500000)
 106 words of extra memory for PDF output out of 10000 (max. 10000000)

